13/09/2010 16:07:02	----------Lancement script innactivité----------
13/09/2010 16:07:02	bruno	0	2283
13/09/2010 16:07:02	azerty	0	232
13/09/2010 16:07:02	test	0	597
13/09/2010 16:07:02	Tout le monde a joué dans les 24h.
13/09/2010 16:07:02	----------Fin script innactivité----------
27/09/2010 9:06:20	----------Lancement script innactivité----------
27/09/2010 9:06:20	bruno	0	538
27/09/2010 9:06:20	azerty	3	811
27/09/2010 9:06:20	test	3	887
27/09/2010 9:06:20	annie	3	1970
27/09/2010 9:06:20	alain	3	1970
27/09/2010 9:06:20	coucou	2	1972
27/09/2010 9:06:20	retest	3	1970
27/09/2010 9:06:20	zut	3	1970
27/09/2010 9:06:20	sue	2	1972
27/09/2010 9:06:20	----------Fin script innactivité----------
27/09/2010 9:07:06	----------Lancement script innactivité----------
27/09/2010 9:07:06	bruno	0	538
27/09/2010 9:07:06	azerty	0	811
27/09/2010 9:07:06	test	0	887
27/09/2010 9:07:06	annie	0	1970
27/09/2010 9:07:06	alain	0	1970
27/09/2010 9:07:06	coucou	0	1972
27/09/2010 9:07:06	retest	0	1970
27/09/2010 9:07:06	zut	0	1970
27/09/2010 9:07:06	sue	0	1972
27/09/2010 9:07:06	Tout le monde a joué dans les 24h.
27/09/2010 9:07:06	----------Fin script innactivité----------
27/09/2010 9:40:31	----------Lancement script innactivité----------
27/09/2010 9:40:31	bruno	0	538
27/09/2010 9:40:31	azerty	0	811
27/09/2010 9:40:31	test	0	887
27/09/2010 9:40:31	annie	1	1920
27/09/2010 9:40:31	alain	0	1970
27/09/2010 9:40:31	coucou	1	1922
27/09/2010 9:40:31	retest	1	1930
27/09/2010 9:40:31	zut	0	1970
27/09/2010 9:40:31	sue	1	1942
27/09/2010 9:40:31	----------Fin script innactivité----------
27/09/2010 9:51:58	----------Lancement script innactivité----------
27/09/2010 9:51:58	bruno	0	538
27/09/2010 9:51:58	azerty	0	811
27/09/2010 9:51:58	test	1	877
27/09/2010 9:51:58	annie	1	1860
27/09/2010 9:51:58	alain	0	1970
27/09/2010 9:51:58	coucou	1	1862
27/09/2010 9:51:58	retest	1	1880
27/09/2010 9:51:58	zut	0	1970
27/09/2010 9:51:58	sue	0	1942
27/09/2010 9:51:58	----------Fin script innactivité----------
04/10/2010 9:22:52	----------Lancement script innactivité----------
04/10/2010 9:22:52	bruno	0	1400
04/10/2010 9:22:52	annie	0	1310
04/10/2010 9:22:52	alain	0	1310
04/10/2010 9:22:52	coucou	7	1090
04/10/2010 9:22:52	zut	6	1640
04/10/2010 9:22:52	sue	7	1300
04/10/2010 9:22:52	----------Fin script innactivité----------
26/10/2010 8:47:48	----------Lancement script innactivité----------
26/10/2010 8:47:48	bruno	14893	-2220248690
26/10/2010 8:47:48	annie	14893	-2220248690
26/10/2010 8:47:48	alain	14	-80
26/10/2010 8:47:48	coucou	14893	-4443478730
26/10/2010 8:47:48	zut	14893	-2221143170
26/10/2010 8:47:48	sue	15	-1750
26/10/2010 8:47:48	----------Fin script innactivité----------
26/10/2010 8:47:59	----------Lancement script innactivité----------
26/10/2010 8:47:59	bruno	0	-2147483648
26/10/2010 8:47:59	annie	0	-2147483648
26/10/2010 8:47:59	alain	0	-80
26/10/2010 8:47:59	coucou	0	-2147483648
26/10/2010 8:47:59	zut	0	-2147483648
26/10/2010 8:47:59	sue	0	-1750
26/10/2010 8:47:59	Tout le monde a joué dans les 24h.
26/10/2010 8:47:59	----------Fin script innactivité----------
04/11/2010 17:36:52	----------Lancement script innactivité----------
04/11/2010 17:36:52	bruno	9	1190
04/11/2010 17:36:52	annie	9	1190
04/11/2010 17:36:52	alain	9	1190
04/11/2010 17:36:52	coucou	9	1190
04/11/2010 17:36:52	zut	9	1190
04/11/2010 17:36:52	sue	9	1190
04/11/2010 17:36:52	----------Fin script innactivité----------
09/11/2010 15:30:00	----------Lancement script innactivité----------
09/11/2010 15:30:00	bruno	5	1750
09/11/2010 15:30:00	annie	5	1750
09/11/2010 15:30:00	alain	5	1750
09/11/2010 15:30:00	coucou	4	1740
09/11/2010 15:30:00	zut	5	1750
09/11/2010 15:30:00	sue	5	1750
09/11/2010 15:30:00	----------Fin script innactivité----------
12/11/2010 14:07:38	----------Lancement script innactivité----------
12/11/2010 14:07:38	bruno	1	1500
12/11/2010 14:07:38	annie	1	1690
12/11/2010 14:07:38	alain	1	1800
12/11/2010 14:07:38	coucou	1	3092
12/11/2010 14:07:38	zut	1	1728
12/11/2010 14:07:38	sue	1	1570
12/11/2010 14:07:38	----------Fin script innactivité----------
